{"C:\\Users\\49418787873\\Downloads\\lista-jest-ofc-main\\lista-jest-ofc-main\\arquivo__js\\ContaZerada.js": {"path":"C:\\Users\\49418787873\\Downloads\\lista-jest-ofc-main\\lista-jest-ofc-main\\arquivo__js\\ContaZerada.js","statementMap":{"0":{"start":{"line":2,"column":4},"end":{"line":4,"column":5}},"1":{"start":{"line":3,"column":8},"end":{"line":3,"column":17}},"2":{"start":{"line":5,"column":4},"end":{"line":5,"column":25}},"3":{"start":{"line":8,"column":0},"end":{"line":8,"column":33}}},"fnMap":{"0":{"name":"ContaZerada","decl":{"start":{"line":1,"column":9},"end":{"line":1,"column":20}},"loc":{"start":{"line":1,"column":35},"end":{"line":6,"column":1}},"line":1}},"branchMap":{"0":{"loc":{"start":{"line":2,"column":4},"end":{"line":4,"column":5}},"type":"if","locations":[{"start":{"line":2,"column":4},"end":{"line":4,"column":5}},{"start":{},"end":{}}],"line":2}},"s":{"0":3,"1":1,"2":2,"3":1},"f":{"0":3},"b":{"0":[1,2]},"_coverageSchema":"1a1c01bbd47fc00a2c39e90264f33305004495a9","hash":"e2999d527c670931c569140203840ee35a52ba0b"}
,"C:\\Users\\49418787873\\Downloads\\lista-jest-ofc-main\\lista-jest-ofc-main\\arquivo__js\\Contanolimite.js": {"path":"C:\\Users\\49418787873\\Downloads\\lista-jest-ofc-main\\lista-jest-ofc-main\\arquivo__js\\Contanolimite.js","statementMap":{"0":{"start":{"line":2,"column":4},"end":{"line":4,"column":5}},"1":{"start":{"line":3,"column":8},"end":{"line":3,"column":17}},"2":{"start":{"line":5,"column":4},"end":{"line":5,"column":25}},"3":{"start":{"line":8,"column":0},"end":{"line":8,"column":35}}},"fnMap":{"0":{"name":"Contanolimite","decl":{"start":{"line":1,"column":9},"end":{"line":1,"column":22}},"loc":{"start":{"line":1,"column":37},"end":{"line":6,"column":1}},"line":1}},"branchMap":{"0":{"loc":{"start":{"line":2,"column":4},"end":{"line":4,"column":5}},"type":"if","locations":[{"start":{"line":2,"column":4},"end":{"line":4,"column":5}},{"start":{},"end":{}}],"line":2}},"s":{"0":2,"1":1,"2":1,"3":1},"f":{"0":2},"b":{"0":[1,1]},"_coverageSchema":"1a1c01bbd47fc00a2c39e90264f33305004495a9","hash":"4eafa1e7cc4f7426e0172b8fb6502bdfcf7c751f"}
,"C:\\Users\\49418787873\\Downloads\\lista-jest-ofc-main\\lista-jest-ofc-main\\arquivo__js\\Saldomaiorqueumvalor.js": {"path":"C:\\Users\\49418787873\\Downloads\\lista-jest-ofc-main\\lista-jest-ofc-main\\arquivo__js\\Saldomaiorqueumvalor.js","statementMap":{"0":{"start":{"line":2,"column":4},"end":{"line":2,"column":25}},"1":{"start":{"line":5,"column":2},"end":{"line":5,"column":32}}},"fnMap":{"0":{"name":"deposito","decl":{"start":{"line":1,"column":9},"end":{"line":1,"column":17}},"loc":{"start":{"line":1,"column":32},"end":{"line":3,"column":3}},"line":1}},"branchMap":{},"s":{"0":1,"1":1},"f":{"0":1},"b":{},"_coverageSchema":"1a1c01bbd47fc00a2c39e90264f33305004495a9","hash":"438bc247526238be19f2eca5d60b7404bb1047ec"}
,"C:\\Users\\49418787873\\Downloads\\lista-jest-ofc-main\\lista-jest-ofc-main\\arquivo__js\\Saldominimoexigido.js": {"path":"C:\\Users\\49418787873\\Downloads\\lista-jest-ofc-main\\lista-jest-ofc-main\\arquivo__js\\Saldominimoexigido.js","statementMap":{"0":{"start":{"line":2,"column":4},"end":{"line":2,"column":25}},"1":{"start":{"line":5,"column":2},"end":{"line":5,"column":32}}},"fnMap":{"0":{"name":"operacao","decl":{"start":{"line":1,"column":9},"end":{"line":1,"column":17}},"loc":{"start":{"line":1,"column":32},"end":{"line":3,"column":3}},"line":1}},"branchMap":{},"s":{"0":1,"1":1},"f":{"0":1},"b":{},"_coverageSchema":"1a1c01bbd47fc00a2c39e90264f33305004495a9","hash":"fefe8e8d7d6ea84e4b23dc89831faf53bfe48f58"}
,"C:\\Users\\49418787873\\Downloads\\lista-jest-ofc-main\\lista-jest-ofc-main\\arquivo__js\\Transferenciaentrecontas.js": {"path":"C:\\Users\\49418787873\\Downloads\\lista-jest-ofc-main\\lista-jest-ofc-main\\arquivo__js\\Transferenciaentrecontas.js","statementMap":{"0":{"start":{"line":2,"column":4},"end":{"line":2,"column":20}},"1":{"start":{"line":3,"column":4},"end":{"line":3,"column":20}},"2":{"start":{"line":4,"column":4},"end":{"line":4,"column":30}},"3":{"start":{"line":7,"column":2},"end":{"line":7,"column":48}}},"fnMap":{"0":{"name":"transferenciaentrecontas","decl":{"start":{"line":1,"column":9},"end":{"line":1,"column":33}},"loc":{"start":{"line":1,"column":57},"end":{"line":5,"column":3}},"line":1}},"branchMap":{},"s":{"0":1,"1":1,"2":1,"3":1},"f":{"0":1},"b":{},"_coverageSchema":"1a1c01bbd47fc00a2c39e90264f33305004495a9","hash":"b7656ee18995e06c1ddb02785beb63f5889500e5"}
,"C:\\Users\\49418787873\\Downloads\\lista-jest-ofc-main\\lista-jest-ofc-main\\arquivo__js\\depositoSimples.js": {"path":"C:\\Users\\49418787873\\Downloads\\lista-jest-ofc-main\\lista-jest-ofc-main\\arquivo__js\\depositoSimples.js","statementMap":{"0":{"start":{"line":2,"column":4},"end":{"line":2,"column":36}},"1":{"start":{"line":5,"column":0},"end":{"line":7,"column":1}}},"fnMap":{"0":{"name":"depositarSaldoinicial","decl":{"start":{"line":1,"column":9},"end":{"line":1,"column":30}},"loc":{"start":{"line":1,"column":58},"end":{"line":3,"column":1}},"line":1}},"branchMap":{},"s":{"0":1,"1":1},"f":{"0":1},"b":{},"_coverageSchema":"1a1c01bbd47fc00a2c39e90264f33305004495a9","hash":"3e31298100abd4652b60e0aef7aa8a94aaafece2"}
,"C:\\Users\\49418787873\\Downloads\\lista-jest-ofc-main\\lista-jest-ofc-main\\arquivo__js\\jurosSimples.js": {"path":"C:\\Users\\49418787873\\Downloads\\lista-jest-ofc-main\\lista-jest-ofc-main\\arquivo__js\\jurosSimples.js","statementMap":{"0":{"start":{"line":4,"column":4},"end":{"line":4,"column":27}},"1":{"start":{"line":7,"column":2},"end":{"line":7,"column":37}}},"fnMap":{"0":{"name":"calcularJuros","decl":{"start":{"line":3,"column":9},"end":{"line":3,"column":22}},"loc":{"start":{"line":3,"column":39},"end":{"line":5,"column":3}},"line":3}},"branchMap":{},"s":{"0":1,"1":1},"f":{"0":1},"b":{},"_coverageSchema":"1a1c01bbd47fc00a2c39e90264f33305004495a9","hash":"e65e2eefe84b044322f4636d74954af8f72c40c1"}
,"C:\\Users\\49418787873\\Downloads\\lista-jest-ofc-main\\lista-jest-ofc-main\\arquivo__js\\negativoproibido.js": {"path":"C:\\Users\\49418787873\\Downloads\\lista-jest-ofc-main\\lista-jest-ofc-main\\arquivo__js\\negativoproibido.js","statementMap":{"0":{"start":{"line":4,"column":4},"end":{"line":4,"column":30}},"1":{"start":{"line":7,"column":2},"end":{"line":7,"column":29}}},"fnMap":{"0":{"name":"saque","decl":{"start":{"line":3,"column":9},"end":{"line":3,"column":14}},"loc":{"start":{"line":3,"column":34},"end":{"line":5,"column":3}},"line":3}},"branchMap":{},"s":{"0":1,"1":1},"f":{"0":1},"b":{},"_coverageSchema":"1a1c01bbd47fc00a2c39e90264f33305004495a9","hash":"806ccfc2c4f2ef735d74e9b6c74a6d41e6839db0"}
,"C:\\Users\\49418787873\\Downloads\\lista-jest-ofc-main\\lista-jest-ofc-main\\arquivo__js\\saqueSimples.js": {"path":"C:\\Users\\49418787873\\Downloads\\lista-jest-ofc-main\\lista-jest-ofc-main\\arquivo__js\\saqueSimples.js","statementMap":{"0":{"start":{"line":2,"column":4},"end":{"line":2,"column":27}},"1":{"start":{"line":5,"column":2},"end":{"line":5,"column":36}}},"fnMap":{"0":{"name":"saqueSimples","decl":{"start":{"line":1,"column":9},"end":{"line":1,"column":21}},"loc":{"start":{"line":1,"column":38},"end":{"line":3,"column":3}},"line":1}},"branchMap":{},"s":{"0":1,"1":1},"f":{"0":1},"b":{},"_coverageSchema":"1a1c01bbd47fc00a2c39e90264f33305004495a9","hash":"f350c9c0dd4d9674d38eaa59ac4f986b7f78077a"}
}
