TN:
SF:arquivo__js\ContaZerada.js
FN:1,ContaZerada
FNF:1
FNH:1
FNDA:3,ContaZerada
DA:2,3
DA:3,1
DA:5,2
DA:8,1
LF:4
LH:4
BRDA:2,0,0,1
BRDA:2,0,1,2
BRF:2
BRH:2
end_of_record
TN:
SF:arquivo__js\Contanolimite.js
FN:1,Contanolimite
FNF:1
FNH:1
FNDA:2,Contanolimite
DA:2,2
DA:3,1
DA:5,1
DA:8,1
LF:4
LH:4
BRDA:2,0,0,1
BRDA:2,0,1,1
BRF:2
BRH:2
end_of_record
TN:
SF:arquivo__js\Saldomaiorqueumvalor.js
FN:1,deposito
FNF:1
FNH:1
FNDA:1,deposito
DA:2,1
DA:5,1
LF:2
LH:2
BRF:0
BRH:0
end_of_record
TN:
SF:arquivo__js\Saldominimoexigido.js
FN:1,operacao
FNF:1
FNH:1
FNDA:1,operacao
DA:2,1
DA:5,1
LF:2
LH:2
BRF:0
BRH:0
end_of_record
TN:
SF:arquivo__js\Transferenciaentrecontas.js
FN:1,transferenciaentrecontas
FNF:1
FNH:1
FNDA:1,transferenciaentrecontas
DA:2,1
DA:3,1
DA:4,1
DA:7,1
LF:4
LH:4
BRF:0
BRH:0
end_of_record
TN:
SF:arquivo__js\depositoSimples.js
FN:1,depositarSaldoinicial
FNF:1
FNH:1
FNDA:1,depositarSaldoinicial
DA:2,1
DA:5,1
LF:2
LH:2
BRF:0
BRH:0
end_of_record
TN:
SF:arquivo__js\jurosSimples.js
FN:3,calcularJuros
FNF:1
FNH:1
FNDA:1,calcularJuros
DA:4,1
DA:7,1
LF:2
LH:2
BRF:0
BRH:0
end_of_record
TN:
SF:arquivo__js\negativoproibido.js
FN:3,saque
FNF:1
FNH:1
FNDA:1,saque
DA:4,1
DA:7,1
LF:2
LH:2
BRF:0
BRH:0
end_of_record
TN:
SF:arquivo__js\saqueSimples.js
FN:1,saqueSimples
FNF:1
FNH:1
FNDA:1,saqueSimples
DA:2,1
DA:5,1
LF:2
LH:2
BRF:0
BRH:0
end_of_record
